<?xml version="1.0" encoding="UTF-8"?>
<robot generator="Robot 3.0 (Jython 2.7.0 on java1.8.0_131)" generated="20170921 12:19:12.495">
<suite source="C:\Users\Wright Media\Documents\School\TicTacToe\src\test\acceptancetest" name="Acceptancetest" id="s1">
<suite source="C:\Users\Wright Media\Documents\School\TicTacToe\src\test\acceptancetest\TicTacToeTests.robot" name="TicTacToeTests" id="s1-s1">
<test name="Win Diagonally as X" id="s1-s1-t1">
<kw library="keywords.TicTacToeKeywords" name="Start New Game">
<status endtime="20170921 12:19:12.819" starttime="20170921 12:19:12.813" status="PASS"></status>
</kw>
<kw library="keywords.TicTacToeKeywords" name="Mark Location">
<arguments>
<arg>1</arg>
<arg>1</arg>
</arguments>
<status endtime="20170921 12:19:12.826" starttime="20170921 12:19:12.821" status="PASS"></status>
</kw>
<kw name="Check Location">
<arguments>
<arg>1</arg>
<arg>1</arg>
<arg>X</arg>
</arguments>
<kw library="keywords.TicTacToeKeywords" name="Get Mark">
<arguments>
<arg>${row}</arg>
<arg>${col}</arg>
</arguments>
<assign>
<var>${m}</var>
</assign>
<msg level="INFO" timestamp="20170921 12:19:12.837">${m} = X</msg>
<status endtime="20170921 12:19:12.838" starttime="20170921 12:19:12.832" status="PASS"></status>
</kw>
<kw library="BuiltIn" name="Should Be Equal">
<doc>Fails if the given objects are unequal.</doc>
<arguments>
<arg>${m}</arg>
<arg>${mark}</arg>
</arguments>
<status endtime="20170921 12:19:12.843" starttime="20170921 12:19:12.839" status="PASS"></status>
</kw>
<status endtime="20170921 12:19:12.845" starttime="20170921 12:19:12.827" status="PASS"></status>
</kw>
<kw library="keywords.TicTacToeKeywords" name="Mark Location">
<arguments>
<arg>0</arg>
<arg>1</arg>
</arguments>
<status endtime="20170921 12:19:12.851" starttime="20170921 12:19:12.847" status="PASS"></status>
</kw>
<kw name="Check Location">
<arguments>
<arg>0</arg>
<arg>1</arg>
<arg>O</arg>
</arguments>
<kw library="keywords.TicTacToeKeywords" name="Get Mark">
<arguments>
<arg>${row}</arg>
<arg>${col}</arg>
</arguments>
<assign>
<var>${m}</var>
</assign>
<msg level="INFO" timestamp="20170921 12:19:12.861">${m} = O</msg>
<status endtime="20170921 12:19:12.862" starttime="20170921 12:19:12.857" status="PASS"></status>
</kw>
<kw library="BuiltIn" name="Should Be Equal">
<doc>Fails if the given objects are unequal.</doc>
<arguments>
<arg>${m}</arg>
<arg>${mark}</arg>
</arguments>
<status endtime="20170921 12:19:12.868" starttime="20170921 12:19:12.864" status="PASS"></status>
</kw>
<status endtime="20170921 12:19:12.870" starttime="20170921 12:19:12.853" status="PASS"></status>
</kw>
<kw library="keywords.TicTacToeKeywords" name="Mark Location">
<arguments>
<arg>0</arg>
<arg>0</arg>
</arguments>
<status endtime="20170921 12:19:12.874" starttime="20170921 12:19:12.871" status="PASS"></status>
</kw>
<kw name="Check Location">
<arguments>
<arg>0</arg>
<arg>0</arg>
<arg>X</arg>
</arguments>
<kw library="keywords.TicTacToeKeywords" name="Get Mark">
<arguments>
<arg>${row}</arg>
<arg>${col}</arg>
</arguments>
<assign>
<var>${m}</var>
</assign>
<msg level="INFO" timestamp="20170921 12:19:12.884">${m} = X</msg>
<status endtime="20170921 12:19:12.885" starttime="20170921 12:19:12.880" status="PASS"></status>
</kw>
<kw library="BuiltIn" name="Should Be Equal">
<doc>Fails if the given objects are unequal.</doc>
<arguments>
<arg>${m}</arg>
<arg>${mark}</arg>
</arguments>
<status endtime="20170921 12:19:12.892" starttime="20170921 12:19:12.887" status="PASS"></status>
</kw>
<status endtime="20170921 12:19:12.895" starttime="20170921 12:19:12.876" status="PASS"></status>
</kw>
<kw library="keywords.TicTacToeKeywords" name="Mark Location">
<arguments>
<arg>0</arg>
<arg>2</arg>
</arguments>
<status endtime="20170921 12:19:12.901" starttime="20170921 12:19:12.898" status="PASS"></status>
</kw>
<kw name="Check Location">
<arguments>
<arg>0</arg>
<arg>2</arg>
<arg>O</arg>
</arguments>
<kw library="keywords.TicTacToeKeywords" name="Get Mark">
<arguments>
<arg>${row}</arg>
<arg>${col}</arg>
</arguments>
<assign>
<var>${m}</var>
</assign>
<msg level="INFO" timestamp="20170921 12:19:12.910">${m} = O</msg>
<status endtime="20170921 12:19:12.911" starttime="20170921 12:19:12.906" status="PASS"></status>
</kw>
<kw library="BuiltIn" name="Should Be Equal">
<doc>Fails if the given objects are unequal.</doc>
<arguments>
<arg>${m}</arg>
<arg>${mark}</arg>
</arguments>
<status endtime="20170921 12:19:12.918" starttime="20170921 12:19:12.913" status="PASS"></status>
</kw>
<status endtime="20170921 12:19:12.921" starttime="20170921 12:19:12.902" status="PASS"></status>
</kw>
<kw library="keywords.TicTacToeKeywords" name="Mark Location">
<arguments>
<arg>2</arg>
<arg>2</arg>
</arguments>
<status endtime="20170921 12:19:12.926" starttime="20170921 12:19:12.923" status="PASS"></status>
</kw>
<kw name="Check Location">
<arguments>
<arg>2</arg>
<arg>2</arg>
<arg>X</arg>
</arguments>
<kw library="keywords.TicTacToeKeywords" name="Get Mark">
<arguments>
<arg>${row}</arg>
<arg>${col}</arg>
</arguments>
<assign>
<var>${m}</var>
</assign>
<msg level="INFO" timestamp="20170921 12:19:12.935">${m} = X</msg>
<status endtime="20170921 12:19:12.936" starttime="20170921 12:19:12.932" status="PASS"></status>
</kw>
<kw library="BuiltIn" name="Should Be Equal">
<doc>Fails if the given objects are unequal.</doc>
<arguments>
<arg>${m}</arg>
<arg>${mark}</arg>
</arguments>
<status endtime="20170921 12:19:12.942" starttime="20170921 12:19:12.938" status="PASS"></status>
</kw>
<status endtime="20170921 12:19:12.943" starttime="20170921 12:19:12.928" status="PASS"></status>
</kw>
<kw name="Winner Should Be">
<arguments>
<arg>X</arg>
</arguments>
<kw library="keywords.TicTacToeKeywords" name="Get Winner">
<assign>
<var>${m}</var>
</assign>
<msg level="INFO" timestamp="20170921 12:19:12.951">${m} = X</msg>
<status endtime="20170921 12:19:12.952" starttime="20170921 12:19:12.947" status="PASS"></status>
</kw>
<kw library="BuiltIn" name="Should Be Equal">
<doc>Fails if the given objects are unequal.</doc>
<arguments>
<arg>${m}</arg>
<arg>${mark}</arg>
</arguments>
<status endtime="20170921 12:19:12.959" starttime="20170921 12:19:12.953" status="PASS"></status>
</kw>
<status endtime="20170921 12:19:12.960" starttime="20170921 12:19:12.945" status="PASS"></status>
</kw>
<status critical="yes" endtime="20170921 12:19:12.962" starttime="20170921 12:19:12.807" status="PASS"></status>
</test>
<test name="Win Horizontally as O" id="s1-s1-t2">
<kw library="keywords.TicTacToeKeywords" name="Start New Game">
<status endtime="20170921 12:19:12.970" starttime="20170921 12:19:12.967" status="PASS"></status>
</kw>
<kw library="keywords.TicTacToeKeywords" name="Mark Location">
<arguments>
<arg>1</arg>
<arg>1</arg>
</arguments>
<status endtime="20170921 12:19:12.975" starttime="20170921 12:19:12.971" status="PASS"></status>
</kw>
<kw name="Check Location">
<arguments>
<arg>1</arg>
<arg>1</arg>
<arg>X</arg>
</arguments>
<kw library="keywords.TicTacToeKeywords" name="Get Mark">
<arguments>
<arg>${row}</arg>
<arg>${col}</arg>
</arguments>
<assign>
<var>${m}</var>
</assign>
<msg level="INFO" timestamp="20170921 12:19:12.984">${m} = X</msg>
<status endtime="20170921 12:19:12.985" starttime="20170921 12:19:12.980" status="PASS"></status>
</kw>
<kw library="BuiltIn" name="Should Be Equal">
<doc>Fails if the given objects are unequal.</doc>
<arguments>
<arg>${m}</arg>
<arg>${mark}</arg>
</arguments>
<status endtime="20170921 12:19:12.990" starttime="20170921 12:19:12.987" status="PASS"></status>
</kw>
<status endtime="20170921 12:19:12.992" starttime="20170921 12:19:12.977" status="PASS"></status>
</kw>
<kw library="keywords.TicTacToeKeywords" name="Mark Location">
<arguments>
<arg>2</arg>
<arg>0</arg>
</arguments>
<status endtime="20170921 12:19:12.996" starttime="20170921 12:19:12.993" status="PASS"></status>
</kw>
<kw name="Check Location">
<arguments>
<arg>2</arg>
<arg>0</arg>
<arg>O</arg>
</arguments>
<kw library="keywords.TicTacToeKeywords" name="Get Mark">
<arguments>
<arg>${row}</arg>
<arg>${col}</arg>
</arguments>
<assign>
<var>${m}</var>
</assign>
<msg level="INFO" timestamp="20170921 12:19:13.005">${m} = O</msg>
<status endtime="20170921 12:19:13.006" starttime="20170921 12:19:13.001" status="PASS"></status>
</kw>
<kw library="BuiltIn" name="Should Be Equal">
<doc>Fails if the given objects are unequal.</doc>
<arguments>
<arg>${m}</arg>
<arg>${mark}</arg>
</arguments>
<status endtime="20170921 12:19:13.010" starttime="20170921 12:19:13.007" status="PASS"></status>
</kw>
<status endtime="20170921 12:19:13.012" starttime="20170921 12:19:12.997" status="PASS"></status>
</kw>
<kw library="keywords.TicTacToeKeywords" name="Mark Location">
<arguments>
<arg>0</arg>
<arg>0</arg>
</arguments>
<status endtime="20170921 12:19:13.019" starttime="20170921 12:19:13.015" status="PASS"></status>
</kw>
<kw name="Check Location">
<arguments>
<arg>0</arg>
<arg>0</arg>
<arg>X</arg>
</arguments>
<kw library="keywords.TicTacToeKeywords" name="Get Mark">
<arguments>
<arg>${row}</arg>
<arg>${col}</arg>
</arguments>
<assign>
<var>${m}</var>
</assign>
<msg level="INFO" timestamp="20170921 12:19:13.028">${m} = X</msg>
<status endtime="20170921 12:19:13.029" starttime="20170921 12:19:13.025" status="PASS"></status>
</kw>
<kw library="BuiltIn" name="Should Be Equal">
<doc>Fails if the given objects are unequal.</doc>
<arguments>
<arg>${m}</arg>
<arg>${mark}</arg>
</arguments>
<status endtime="20170921 12:19:13.035" starttime="20170921 12:19:13.031" status="PASS"></status>
</kw>
<status endtime="20170921 12:19:13.036" starttime="20170921 12:19:13.021" status="PASS"></status>
</kw>
<kw library="keywords.TicTacToeKeywords" name="Mark Location">
<arguments>
<arg>2</arg>
<arg>2</arg>
</arguments>
<status endtime="20170921 12:19:13.039" starttime="20170921 12:19:13.037" status="PASS"></status>
</kw>
<kw name="Check Location">
<arguments>
<arg>2</arg>
<arg>2</arg>
<arg>O</arg>
</arguments>
<kw library="keywords.TicTacToeKeywords" name="Get Mark">
<arguments>
<arg>${row}</arg>
<arg>${col}</arg>
</arguments>
<assign>
<var>${m}</var>
</assign>
<msg level="INFO" timestamp="20170921 12:19:13.047">${m} = O</msg>
<status endtime="20170921 12:19:13.048" starttime="20170921 12:19:13.043" status="PASS"></status>
</kw>
<kw library="BuiltIn" name="Should Be Equal">
<doc>Fails if the given objects are unequal.</doc>
<arguments>
<arg>${m}</arg>
<arg>${mark}</arg>
</arguments>
<status endtime="20170921 12:19:13.055" starttime="20170921 12:19:13.050" status="PASS"></status>
</kw>
<status endtime="20170921 12:19:13.056" starttime="20170921 12:19:13.041" status="PASS"></status>
</kw>
<kw library="keywords.TicTacToeKeywords" name="Mark Location">
<arguments>
<arg>0</arg>
<arg>2</arg>
</arguments>
<status endtime="20170921 12:19:13.061" starttime="20170921 12:19:13.058" status="PASS"></status>
</kw>
<kw name="Check Location">
<arguments>
<arg>0</arg>
<arg>2</arg>
<arg>X</arg>
</arguments>
<kw library="keywords.TicTacToeKeywords" name="Get Mark">
<arguments>
<arg>${row}</arg>
<arg>${col}</arg>
</arguments>
<assign>
<var>${m}</var>
</assign>
<msg level="INFO" timestamp="20170921 12:19:13.071">${m} = X</msg>
<status endtime="20170921 12:19:13.072" starttime="20170921 12:19:13.067" status="PASS"></status>
</kw>
<kw library="BuiltIn" name="Should Be Equal">
<doc>Fails if the given objects are unequal.</doc>
<arguments>
<arg>${m}</arg>
<arg>${mark}</arg>
</arguments>
<status endtime="20170921 12:19:13.078" starttime="20170921 12:19:13.074" status="PASS"></status>
</kw>
<status endtime="20170921 12:19:13.081" starttime="20170921 12:19:13.064" status="PASS"></status>
</kw>
<kw library="keywords.TicTacToeKeywords" name="Mark Location">
<arguments>
<arg>2</arg>
<arg>1</arg>
</arguments>
<status endtime="20170921 12:19:13.086" starttime="20170921 12:19:13.083" status="PASS"></status>
</kw>
<kw name="Check Location">
<arguments>
<arg>2</arg>
<arg>1</arg>
<arg>O</arg>
</arguments>
<kw library="keywords.TicTacToeKeywords" name="Get Mark">
<arguments>
<arg>${row}</arg>
<arg>${col}</arg>
</arguments>
<assign>
<var>${m}</var>
</assign>
<msg level="INFO" timestamp="20170921 12:19:13.098">${m} = O</msg>
<status endtime="20170921 12:19:13.099" starttime="20170921 12:19:13.094" status="PASS"></status>
</kw>
<kw library="BuiltIn" name="Should Be Equal">
<doc>Fails if the given objects are unequal.</doc>
<arguments>
<arg>${m}</arg>
<arg>${mark}</arg>
</arguments>
<status endtime="20170921 12:19:13.103" starttime="20170921 12:19:13.100" status="PASS"></status>
</kw>
<status endtime="20170921 12:19:13.105" starttime="20170921 12:19:13.088" status="PASS"></status>
</kw>
<kw name="Winner Should Be">
<arguments>
<arg>O</arg>
</arguments>
<kw library="keywords.TicTacToeKeywords" name="Get Winner">
<assign>
<var>${m}</var>
</assign>
<msg level="INFO" timestamp="20170921 12:19:13.111">${m} = O</msg>
<status endtime="20170921 12:19:13.112" starttime="20170921 12:19:13.108" status="PASS"></status>
</kw>
<kw library="BuiltIn" name="Should Be Equal">
<doc>Fails if the given objects are unequal.</doc>
<arguments>
<arg>${m}</arg>
<arg>${mark}</arg>
</arguments>
<status endtime="20170921 12:19:13.116" starttime="20170921 12:19:13.113" status="PASS"></status>
</kw>
<status endtime="20170921 12:19:13.117" starttime="20170921 12:19:13.106" status="PASS"></status>
</kw>
<status critical="yes" endtime="20170921 12:19:13.118" starttime="20170921 12:19:12.964" status="PASS"></status>
</test>
<test name="Force a Tie" id="s1-s1-t3">
<kw library="keywords.TicTacToeKeywords" name="Start New Game">
<status endtime="20170921 12:19:13.127" starttime="20170921 12:19:13.125" status="PASS"></status>
</kw>
<kw library="keywords.TicTacToeKeywords" name="Mark Location">
<arguments>
<arg>1</arg>
<arg>1</arg>
</arguments>
<status endtime="20170921 12:19:13.132" starttime="20170921 12:19:13.129" status="PASS"></status>
</kw>
<kw name="Check Location">
<arguments>
<arg>1</arg>
<arg>1</arg>
<arg>X</arg>
</arguments>
<kw library="keywords.TicTacToeKeywords" name="Get Mark">
<arguments>
<arg>${row}</arg>
<arg>${col}</arg>
</arguments>
<assign>
<var>${m}</var>
</assign>
<msg level="INFO" timestamp="20170921 12:19:13.139">${m} = X</msg>
<status endtime="20170921 12:19:13.140" starttime="20170921 12:19:13.136" status="PASS"></status>
</kw>
<kw library="BuiltIn" name="Should Be Equal">
<doc>Fails if the given objects are unequal.</doc>
<arguments>
<arg>${m}</arg>
<arg>${mark}</arg>
</arguments>
<status endtime="20170921 12:19:13.144" starttime="20170921 12:19:13.141" status="PASS"></status>
</kw>
<status endtime="20170921 12:19:13.146" starttime="20170921 12:19:13.133" status="PASS"></status>
</kw>
<kw library="keywords.TicTacToeKeywords" name="Mark Location">
<arguments>
<arg>0</arg>
<arg>0</arg>
</arguments>
<status endtime="20170921 12:19:13.149" starttime="20170921 12:19:13.147" status="PASS"></status>
</kw>
<kw name="Check Location">
<arguments>
<arg>0</arg>
<arg>0</arg>
<arg>O</arg>
</arguments>
<kw library="keywords.TicTacToeKeywords" name="Get Mark">
<arguments>
<arg>${row}</arg>
<arg>${col}</arg>
</arguments>
<assign>
<var>${m}</var>
</assign>
<msg level="INFO" timestamp="20170921 12:19:13.156">${m} = O</msg>
<status endtime="20170921 12:19:13.157" starttime="20170921 12:19:13.153" status="PASS"></status>
</kw>
<kw library="BuiltIn" name="Should Be Equal">
<doc>Fails if the given objects are unequal.</doc>
<arguments>
<arg>${m}</arg>
<arg>${mark}</arg>
</arguments>
<status endtime="20170921 12:19:13.161" starttime="20170921 12:19:13.158" status="PASS"></status>
</kw>
<status endtime="20170921 12:19:13.162" starttime="20170921 12:19:13.150" status="PASS"></status>
</kw>
<kw library="keywords.TicTacToeKeywords" name="Mark Location">
<arguments>
<arg>2</arg>
<arg>0</arg>
</arguments>
<status endtime="20170921 12:19:13.166" starttime="20170921 12:19:13.163" status="PASS"></status>
</kw>
<kw name="Check Location">
<arguments>
<arg>2</arg>
<arg>0</arg>
<arg>X</arg>
</arguments>
<kw library="keywords.TicTacToeKeywords" name="Get Mark">
<arguments>
<arg>${row}</arg>
<arg>${col}</arg>
</arguments>
<assign>
<var>${m}</var>
</assign>
<msg level="INFO" timestamp="20170921 12:19:13.173">${m} = X</msg>
<status endtime="20170921 12:19:13.173" starttime="20170921 12:19:13.170" status="PASS"></status>
</kw>
<kw library="BuiltIn" name="Should Be Equal">
<doc>Fails if the given objects are unequal.</doc>
<arguments>
<arg>${m}</arg>
<arg>${mark}</arg>
</arguments>
<status endtime="20170921 12:19:13.177" starttime="20170921 12:19:13.175" status="PASS"></status>
</kw>
<status endtime="20170921 12:19:13.179" starttime="20170921 12:19:13.167" status="PASS"></status>
</kw>
<kw library="keywords.TicTacToeKeywords" name="Mark Location">
<arguments>
<arg>0</arg>
<arg>2</arg>
</arguments>
<status endtime="20170921 12:19:13.182" starttime="20170921 12:19:13.180" status="PASS"></status>
</kw>
<kw name="Check Location">
<arguments>
<arg>0</arg>
<arg>2</arg>
<arg>O</arg>
</arguments>
<kw library="keywords.TicTacToeKeywords" name="Get Mark">
<arguments>
<arg>${row}</arg>
<arg>${col}</arg>
</arguments>
<assign>
<var>${m}</var>
</assign>
<msg level="INFO" timestamp="20170921 12:19:13.189">${m} = O</msg>
<status endtime="20170921 12:19:13.190" starttime="20170921 12:19:13.186" status="PASS"></status>
</kw>
<kw library="BuiltIn" name="Should Be Equal">
<doc>Fails if the given objects are unequal.</doc>
<arguments>
<arg>${m}</arg>
<arg>${mark}</arg>
</arguments>
<status endtime="20170921 12:19:13.194" starttime="20170921 12:19:13.191" status="PASS"></status>
</kw>
<status endtime="20170921 12:19:13.195" starttime="20170921 12:19:13.183" status="PASS"></status>
</kw>
<kw library="keywords.TicTacToeKeywords" name="Mark Location">
<arguments>
<arg>0</arg>
<arg>1</arg>
</arguments>
<status endtime="20170921 12:19:13.199" starttime="20170921 12:19:13.196" status="PASS"></status>
</kw>
<kw name="Check Location">
<arguments>
<arg>0</arg>
<arg>1</arg>
<arg>X</arg>
</arguments>
<kw library="keywords.TicTacToeKeywords" name="Get Mark">
<arguments>
<arg>${row}</arg>
<arg>${col}</arg>
</arguments>
<assign>
<var>${m}</var>
</assign>
<msg level="INFO" timestamp="20170921 12:19:13.206">${m} = X</msg>
<status endtime="20170921 12:19:13.207" starttime="20170921 12:19:13.203" status="PASS"></status>
</kw>
<kw library="BuiltIn" name="Should Be Equal">
<doc>Fails if the given objects are unequal.</doc>
<arguments>
<arg>${m}</arg>
<arg>${mark}</arg>
</arguments>
<status endtime="20170921 12:19:13.210" starttime="20170921 12:19:13.207" status="PASS"></status>
</kw>
<status endtime="20170921 12:19:13.212" starttime="20170921 12:19:13.200" status="PASS"></status>
</kw>
<kw library="keywords.TicTacToeKeywords" name="Mark Location">
<arguments>
<arg>2</arg>
<arg>1</arg>
</arguments>
<status endtime="20170921 12:19:13.215" starttime="20170921 12:19:13.213" status="PASS"></status>
</kw>
<kw name="Check Location">
<arguments>
<arg>2</arg>
<arg>1</arg>
<arg>O</arg>
</arguments>
<kw library="keywords.TicTacToeKeywords" name="Get Mark">
<arguments>
<arg>${row}</arg>
<arg>${col}</arg>
</arguments>
<assign>
<var>${m}</var>
</assign>
<msg level="INFO" timestamp="20170921 12:19:13.222">${m} = O</msg>
<status endtime="20170921 12:19:13.223" starttime="20170921 12:19:13.218" status="PASS"></status>
</kw>
<kw library="BuiltIn" name="Should Be Equal">
<doc>Fails if the given objects are unequal.</doc>
<arguments>
<arg>${m}</arg>
<arg>${mark}</arg>
</arguments>
<status endtime="20170921 12:19:13.226" starttime="20170921 12:19:13.224" status="PASS"></status>
</kw>
<status endtime="20170921 12:19:13.228" starttime="20170921 12:19:13.216" status="PASS"></status>
</kw>
<kw library="keywords.TicTacToeKeywords" name="Mark Location">
<arguments>
<arg>1</arg>
<arg>2</arg>
</arguments>
<status endtime="20170921 12:19:13.232" starttime="20170921 12:19:13.229" status="PASS"></status>
</kw>
<kw name="Check Location">
<arguments>
<arg>1</arg>
<arg>2</arg>
<arg>X</arg>
</arguments>
<kw library="keywords.TicTacToeKeywords" name="Get Mark">
<arguments>
<arg>${row}</arg>
<arg>${col}</arg>
</arguments>
<assign>
<var>${m}</var>
</assign>
<msg level="INFO" timestamp="20170921 12:19:13.238">${m} = X</msg>
<status endtime="20170921 12:19:13.238" starttime="20170921 12:19:13.236" status="PASS"></status>
</kw>
<kw library="BuiltIn" name="Should Be Equal">
<doc>Fails if the given objects are unequal.</doc>
<arguments>
<arg>${m}</arg>
<arg>${mark}</arg>
</arguments>
<status endtime="20170921 12:19:13.242" starttime="20170921 12:19:13.239" status="PASS"></status>
</kw>
<status endtime="20170921 12:19:13.243" starttime="20170921 12:19:13.233" status="PASS"></status>
</kw>
<kw library="keywords.TicTacToeKeywords" name="Mark Location">
<arguments>
<arg>1</arg>
<arg>0</arg>
</arguments>
<status endtime="20170921 12:19:13.246" starttime="20170921 12:19:13.244" status="PASS"></status>
</kw>
<kw name="Check Location">
<arguments>
<arg>1</arg>
<arg>0</arg>
<arg>O</arg>
</arguments>
<kw library="keywords.TicTacToeKeywords" name="Get Mark">
<arguments>
<arg>${row}</arg>
<arg>${col}</arg>
</arguments>
<assign>
<var>${m}</var>
</assign>
<msg level="INFO" timestamp="20170921 12:19:13.253">${m} = O</msg>
<status endtime="20170921 12:19:13.254" starttime="20170921 12:19:13.250" status="PASS"></status>
</kw>
<kw library="BuiltIn" name="Should Be Equal">
<doc>Fails if the given objects are unequal.</doc>
<arguments>
<arg>${m}</arg>
<arg>${mark}</arg>
</arguments>
<status endtime="20170921 12:19:13.258" starttime="20170921 12:19:13.255" status="PASS"></status>
</kw>
<status endtime="20170921 12:19:13.260" starttime="20170921 12:19:13.247" status="PASS"></status>
</kw>
<kw library="keywords.TicTacToeKeywords" name="Mark Location">
<arguments>
<arg>2</arg>
<arg>2</arg>
</arguments>
<status endtime="20170921 12:19:13.264" starttime="20170921 12:19:13.261" status="PASS"></status>
</kw>
<kw name="Check Location">
<arguments>
<arg>2</arg>
<arg>2</arg>
<arg>X</arg>
</arguments>
<kw library="keywords.TicTacToeKeywords" name="Get Mark">
<arguments>
<arg>${row}</arg>
<arg>${col}</arg>
</arguments>
<assign>
<var>${m}</var>
</assign>
<msg level="INFO" timestamp="20170921 12:19:13.272">${m} = X</msg>
<status endtime="20170921 12:19:13.273" starttime="20170921 12:19:13.269" status="PASS"></status>
</kw>
<kw library="BuiltIn" name="Should Be Equal">
<doc>Fails if the given objects are unequal.</doc>
<arguments>
<arg>${m}</arg>
<arg>${mark}</arg>
</arguments>
<status endtime="20170921 12:19:13.277" starttime="20170921 12:19:13.274" status="PASS"></status>
</kw>
<status endtime="20170921 12:19:13.279" starttime="20170921 12:19:13.266" status="PASS"></status>
</kw>
<kw name="Winner Should Be">
<arguments>
<arg>TIE</arg>
</arguments>
<kw library="keywords.TicTacToeKeywords" name="Get Winner">
<assign>
<var>${m}</var>
</assign>
<msg level="INFO" timestamp="20170921 12:19:13.285">${m} = TIE</msg>
<status endtime="20170921 12:19:13.285" starttime="20170921 12:19:13.283" status="PASS"></status>
</kw>
<kw library="BuiltIn" name="Should Be Equal">
<doc>Fails if the given objects are unequal.</doc>
<arguments>
<arg>${m}</arg>
<arg>${mark}</arg>
</arguments>
<status endtime="20170921 12:19:13.290" starttime="20170921 12:19:13.287" status="PASS"></status>
</kw>
<status endtime="20170921 12:19:13.291" starttime="20170921 12:19:13.280" status="PASS"></status>
</kw>
<status critical="yes" endtime="20170921 12:19:13.293" starttime="20170921 12:19:13.122" status="PASS"></status>
</test>
<status endtime="20170921 12:19:13.298" starttime="20170921 12:19:12.756" status="PASS"></status>
</suite>
<status endtime="20170921 12:19:13.309" starttime="20170921 12:19:12.509" status="PASS"></status>
</suite>
<statistics>
<total>
<stat pass="3" fail="0">Critical Tests</stat>
<stat pass="3" fail="0">All Tests</stat>
</total>
<tag>
</tag>
<suite>
<stat pass="3" fail="0" name="Acceptancetest" id="s1">Acceptancetest</stat>
<stat pass="3" fail="0" name="TicTacToeTests" id="s1-s1">Acceptancetest.TicTacToeTests</stat>
</suite>
</statistics>
<errors>
</errors>
</robot>
